app/build/intermediates/manifest_merge_blame_file/debug/manifest-merger-blame-debug-report.txt
1<?xml version="1.0" encoding="utf-8"?>
2<manifest xmlns:android="http://schemas.android.com/apk/res/android"
3    package="com.example.ramsdroid"
4    android:versionCode="1"
5    android:versionName="1.0" >
6
7    <uses-sdk
8        android:minSdkVersion="24"
8-->src\main\AndroidManifest.xml
9        android:targetSdkVersion="33" />
9-->src\main\AndroidManifest.xml
10
11    <uses-permission android:name="android.permission.INTERNET" />
11-->src\main\AndroidManifest.xml:5:5-66
11-->src\main\AndroidManifest.xml:5:22-64
12
13    <permission
13-->[androidx.core:core:1.9.0] AndroidManifest.xml:22:5-24:47
14        android:name="com.example.ramsdroid.DYNAMIC_RECEIVER_NOT_EXPORTED_PERMISSION"
14-->[androidx.core:core:1.9.0] AndroidManifest.xml:23:9-81
15        android:protectionLevel="signature" />
15-->[androidx.core:core:1.9.0] AndroidManifest.xml:24:9-44
16
17    <uses-permission android:name="com.example.ramsdroid.DYNAMIC_RECEIVER_NOT_EXPORTED_PERMISSION" />
17-->[androidx.core:core:1.9.0] AndroidManifest.xml:26:5-97
17-->[androidx.core:core:1.9.0] AndroidManifest.xml:26:22-94
18
19    <application
19-->src\main\AndroidManifest.xml:7:5-41:19
20        android:allowBackup="true"
20-->src\main\AndroidManifest.xml:8:9-35
21        android:appComponentFactory="androidx.core.app.CoreComponentFactory"
21-->[androidx.core:core:1.9.0] AndroidManifest.xml:28:18-86
22        android:dataExtractionRules="@xml/data_extraction_rules"
22-->src\main\AndroidManifest.xml:9:9-65
23        android:debuggable="true"
24        android:extractNativeLibs="false"
25        android:fullBackupContent="@xml/backup_rules"
25-->src\main\AndroidManifest.xml:10:9-54
26        android:icon="@drawable/apc_emblem"
26-->src\main\AndroidManifest.xml:11:9-44
27        android:label="@string/app_name"
27-->src\main\AndroidManifest.xml:12:9-41
28        android:roundIcon="@drawable/apc_emblem"
28-->src\main\AndroidManifest.xml:13:9-49
29        android:supportsRtl="true"
29-->src\main\AndroidManifest.xml:14:9-35
30        android:testOnly="true"
31        android:theme="@style/Theme.RAMSdroid" >
31-->src\main\AndroidManifest.xml:15:9-47
32        <activity
32-->src\main\AndroidManifest.xml:18:9-29:20
33            android:name="com.example.ramsdroid.RAMSLogin"
33-->src\main\AndroidManifest.xml:20:13-38
34            android:exported="true"
34-->src\main\AndroidManifest.xml:21:13-36
35            android:windowSoftInputMode="stateHidden" >
35-->src\main\AndroidManifest.xml:19:13-54
36            <intent-filter>
36-->src\main\AndroidManifest.xml:22:13-25:29
37                <action android:name="android.intent.action.MAIN" />
37-->src\main\AndroidManifest.xml:23:17-69
37-->src\main\AndroidManifest.xml:23:25-66
38
39                <category android:name="android.intent.category.LAUNCHER" />
39-->src\main\AndroidManifest.xml:24:17-77
39-->src\main\AndroidManifest.xml:24:27-74
40            </intent-filter>
41
42            <meta-data
42-->src\main\AndroidManifest.xml:26:13-28:35
43                android:name="android.app.lib_name"
43-->src\main\AndroidManifest.xml:27:17-52
44                android:value="" />
44-->src\main\AndroidManifest.xml:28:17-33
45        </activity>
46        <activity
46-->src\main\AndroidManifest.xml:31:9-32:54
47            android:name="com.example.ramsdroid.MainActivity"
47-->src\main\AndroidManifest.xml:31:19-47
48            android:parentActivityName="com.example.ramsdroid.RAMSLogin" />
48-->src\main\AndroidManifest.xml:32:13-52
49        <activity
49-->src\main\AndroidManifest.xml:33:9-34:57
50            android:name="com.example.ramsdroid.StudentRegistration"
50-->src\main\AndroidManifest.xml:33:19-54
51            android:parentActivityName="com.example.ramsdroid.MainActivity" />
51-->src\main\AndroidManifest.xml:34:13-55
52        <activity
52-->src\main\AndroidManifest.xml:35:9-36:57
53            android:name="com.example.ramsdroid.StudentFinance"
53-->src\main\AndroidManifest.xml:35:19-49
54            android:parentActivityName="com.example.ramsdroid.MainActivity" />
54-->src\main\AndroidManifest.xml:36:13-55
55        <activity
55-->src\main\AndroidManifest.xml:37:9-38:57
56            android:name="com.example.ramsdroid.StudentRecords"
56-->src\main\AndroidManifest.xml:37:19-49
57            android:parentActivityName="com.example.ramsdroid.MainActivity" />
57-->src\main\AndroidManifest.xml:38:13-55
58        <activity
58-->src\main\AndroidManifest.xml:39:9-40:57
59            android:name="com.example.ramsdroid.StudentProfile"
59-->src\main\AndroidManifest.xml:39:19-49
60            android:parentActivityName="com.example.ramsdroid.MainActivity" />
60-->src\main\AndroidManifest.xml:40:13-55
61
62        <provider
62-->[androidx.emoji2:emoji2:1.2.0] AndroidManifest.xml:24:9-32:20
63            android:name="androidx.startup.InitializationProvider"
63-->[androidx.emoji2:emoji2:1.2.0] AndroidManifest.xml:25:13-67
64            android:authorities="com.example.ramsdroid.androidx-startup"
64-->[androidx.emoji2:emoji2:1.2.0] AndroidManifest.xml:26:13-68
65            android:exported="false" >
65-->[androidx.emoji2:emoji2:1.2.0] AndroidManifest.xml:27:13-37
66            <meta-data
66-->[androidx.emoji2:emoji2:1.2.0] AndroidManifest.xml:29:13-31:52
67                android:name="androidx.emoji2.text.EmojiCompatInitializer"
67-->[androidx.emoji2:emoji2:1.2.0] AndroidManifest.xml:30:17-75
68                android:value="androidx.startup" />
68-->[androidx.emoji2:emoji2:1.2.0] AndroidManifest.xml:31:17-49
69            <meta-data
69-->[androidx.lifecycle:lifecycle-process:2.4.1] AndroidManifest.xml:31:13-33:52
70                android:name="androidx.lifecycle.ProcessLifecycleInitializer"
70-->[androidx.lifecycle:lifecycle-process:2.4.1] AndroidManifest.xml:32:17-78
71                android:value="androidx.startup" />
71-->[androidx.lifecycle:lifecycle-process:2.4.1] AndroidManifest.xml:33:17-49
72        </provider>
73    </application>
74
75</manifest>